<?xml version="1.0" encoding="UTF-8"?>
<!-- Generated by org.testng.reporters.JUnitReportReporter -->
<testsuite hostname="DESKTOP-CN52IQQ" failures="0" tests="1" name="mavenpkg.Fbloginpage" time="0.258" errors="0" timestamp="2023-11-02T14:30:35 IST" skipped="0">
  <testcase classname="mavenpkg.Fbloginpage" name="test" time="0.258"/>
  <system-out/>
</testsuite> <!-- mavenpkg.Fbloginpage -->
