<?xml version="1.0" encoding="UTF-8"?>
<!-- Generated by org.testng.reporters.JUnitReportReporter -->
<testsuite hostname="DESKTOP-CN52IQQ" failures="0" tests="1" name="mavenpkg.Saucedemotest" time="15.003" errors="0" timestamp="2023-11-03T10:52:55 IST" skipped="0">
  <testcase classname="mavenpkg.Saucedemotest" name="test" time="15.003"/>
  <system-out/>
</testsuite> <!-- mavenpkg.Saucedemotest -->
